<?xml version="1.0" encoding="UTF-8" ?>
<testsuite failures="1" time="0.363" errors="0" skipped="0" tests="1" name="org.jetbrains.jet.confluence.parsing.ParsingTest">
  <properties>
    <property name="java.runtime.name" value="Java(TM) SE Runtime Environment"/>
    <property name="sun.boot.library.path" value="C:\Program Files\Java\jdk1.6.0_30\jre\bin"/>
    <property name="java.vm.version" value="20.5-b03"/>
    <property name="java.vm.vendor" value="Sun Microsystems Inc."/>
    <property name="java.vendor.url" value="http://java.sun.com/"/>
    <property name="path.separator" value=";"/>
    <property name="java.vm.name" value="Java HotSpot(TM) 64-Bit Server VM"/>
    <property name="file.encoding.pkg" value="sun.io"/>
    <property name="user.country" value="US"/>
    <property name="sun.java.launcher" value="SUN_STANDARD"/>
    <property name="sun.os.patch.level" value="Service Pack 1"/>
    <property name="java.vm.specification.name" value="Java Virtual Machine Specification"/>
    <property name="user.dir" value="C:\Development\kotlin-fork\kotlin\confluence"/>
    <property name="java.runtime.version" value="1.6.0_30-b12"/>
    <property name="java.awt.graphicsenv" value="sun.awt.Win32GraphicsEnvironment"/>
    <property name="basedir" value="C:\Development\kotlin-fork\kotlin\confluence"/>
    <property name="java.endorsed.dirs" value="C:\Program Files\Java\jdk1.6.0_30\jre\lib\endorsed"/>
    <property name="os.arch" value="amd64"/>
    <property name="surefire.real.class.path" value="C:\Users\NATALI~1.UKH\AppData\Local\Temp\surefirebooter5579482673982030718.jar"/>
    <property name="java.io.tmpdir" value="C:\Users\NATALI~1.UKH\AppData\Local\Temp\"/>
    <property name="line.separator" value="
"/>
    <property name="java.vm.specification.vendor" value="Sun Microsystems Inc."/>
    <property name="user.variant" value=""/>
    <property name="os.name" value="Windows 7"/>
    <property name="sun.jnu.encoding" value="Cp1251"/>
    <property name="java.library.path" value="C:\Program Files\Java\jdk1.6.0_30\jre\bin;C:\Windows\Sun\Java\bin;C:\Windows\system32;C:\Windows;C:\Program Files (x86)\JetBrains\IntelliJ IDEA 11.1-release\bin\..\.\bin;C:\Windows\system32;C:\Windows;C:\Windows\System32\Wbem;C:\Windows\System32\WindowsPowerShell\v1.0\;C:\Git\cmd;C:\Git\bin;c:\program files\java\jdk1.6.0_30\jre\bin;."/>
    <property name="surefire.test.class.path" value="C:\Development\kotlin-fork\kotlin\confluence\target\test-classes;C:\Development\kotlin-fork\kotlin\confluence\target\classes;C:\Users\Natalia.Ukhorskaya\.m2\repository\junit\junit\4.6\junit-4.6.jar;C:\Users\Natalia.Ukhorskaya\.m2\repository\com\atlassian\confluence\confluence\3.5.2\confluence-3.5.2.jar;C:\Users\Natalia.Ukhorskaya\.m2\repository\com\atlassian\crowd\embedded-crowd-api\2.2.5\embedded-crowd-api-2.2.5.jar;C:\Users\Natalia.Ukhorskaya\.m2\repository\commons-lang\commons-lang\2.4\commons-lang-2.4.jar;C:\Users\Natalia.Ukhorskaya\.m2\repository\com\google\collections\google-collections\1.0\google-collections-1.0.jar;C:\Users\Natalia.Ukhorskaya\.m2\repository\com\atlassian\crowd\crowd-integration-api\2.2.5\crowd-integration-api-2.2.5.jar;C:\Users\Natalia.Ukhorskaya\.m2\repository\commons-codec\commons-codec\1.4\commons-codec-1.4.jar;C:\Users\Natalia.Ukhorskaya\.m2\repository\log4j\log4j\1.2.15\log4j-1.2.15.jar;C:\Users\Natalia.Ukhorskaya\.m2\repository\com\atlassian\crowd\crowd-integration-seraph22\2.2.5\crowd-integration-seraph22-2.2.5.jar;C:\Users\Natalia.Ukhorskaya\.m2\repository\com\atlassian\crowd\crowd-integration-client-rest\2.2.5\crowd-integration-client-rest-2.2.5.jar;C:\Users\Natalia.Ukhorskaya\.m2\repository\com\atlassian\crowd\crowd-integration-client-common\2.2.5\crowd-integration-client-common-2.2.5.jar;C:\Users\Natalia.Ukhorskaya\.m2\repository\com\atlassian\security\atlassian-cookie-tools\2.0\atlassian-cookie-tools-2.0.jar;C:\Users\Natalia.Ukhorskaya\.m2\repository\commons-httpclient\commons-httpclient\3.0\commons-httpclient-3.0.jar;C:\Users\Natalia.Ukhorskaya\.m2\repository\commons-logging\commons-logging\1.1.1\commons-logging-1.1.1.jar;C:\Users\Natalia.Ukhorskaya\.m2\repository\com\atlassian\core\atlassian-core\4.5.8\atlassian-core-4.5.8.jar;C:\Users\Natalia.Ukhorskaya\.m2\repository\com\atlassian\profiling\atlassian-profiling\1.8.1\atlassian-profiling-1.8.1.jar;C:\Users\Natalia.Ukhorskaya\.m2\repository\javax\servlet\servlet-api\2.4\servlet-api-2.4.jar;C:\Users\Natalia.Ukhorskaya\.m2\repository\commons-collections\commons-collections\3.2\commons-collections-3.2.jar;C:\Users\Natalia.Ukhorskaya\.m2\repository\commons-io\commons-io\1.4\commons-io-1.4.jar;C:\Users\Natalia.Ukhorskaya\.m2\repository\dom4j\dom4j\1.4-full\dom4j-1.4-full.jar;C:\Users\Natalia.Ukhorskaya\.m2\repository\opensymphony\oscore\2.2.7-atlassian-1\oscore-2.2.7-atlassian-1.jar;C:\Users\Natalia.Ukhorskaya\.m2\repository\mockobjects\alt-jdk1.3\0.07\alt-jdk1.3-0.07.jar;C:\Users\Natalia.Ukhorskaya\.m2\repository\com\atlassian\crowd\embedded-crowd-spi\2.2.5\embedded-crowd-spi-2.2.5.jar;C:\Users\Natalia.Ukhorskaya\.m2\repository\com\atlassian\crowd\crowd-api\2.2.5\crowd-api-2.2.5.jar;C:\Users\Natalia.Ukhorskaya\.m2\repository\com\atlassian\spring\atlassian-spring\2.0-rc4\atlassian-spring-2.0-rc4.jar;C:\Users\Natalia.Ukhorskaya\.m2\repository\com\atlassian\event\atlassian-event\2.0.6\atlassian-event-2.0.6.jar;C:\Users\Natalia.Ukhorskaya\.m2\repository\org\springframework\spring-core\2.0.8\spring-core-2.0.8.jar;C:\Users\Natalia.Ukhorskaya\.m2\repository\org\springframework\spring-context\2.0.8\spring-context-2.0.8.jar;C:\Users\Natalia.Ukhorskaya\.m2\repository\aopalliance\aopalliance\1.0\aopalliance-1.0.jar;C:\Users\Natalia.Ukhorskaya\.m2\repository\org\springframework\spring-beans\2.0.8\spring-beans-2.0.8.jar;C:\Users\Natalia.Ukhorskaya\.m2\repository\org\springframework\spring-web\2.0.8\spring-web-2.0.8.jar;C:\Users\Natalia.Ukhorskaya\.m2\repository\com\atlassian\util\concurrent\atlassian-util-concurrent\0.0.12\atlassian-util-concurrent-0.0.12.jar;C:\Users\Natalia.Ukhorskaya\.m2\repository\org\slf4j\slf4j-api\1.5.8\slf4j-api-1.5.8.jar;C:\Users\Natalia.Ukhorskaya\.m2\repository\javax\mail\mail\1.4.1\mail-1.4.1.jar;C:\Users\Natalia.Ukhorskaya\.m2\repository\javax\activation\activation\1.0.2\activation-1.0.2.jar;C:\Users\Natalia.Ukhorskaya\.m2\repository\com\atlassian\crowd\crowd-password-encoders\2.2.5\crowd-password-encoders-2.2.5.jar;C:\Users\Natalia.Ukhorskaya\.m2\repository\com\atlassian\security\atlassian-password-encoder\1.0\atlassian-password-encoder-1.0.jar;C:\Users\Natalia.Ukhorskaya\.m2\repository\org\springframework\security\spring-security-core\2.0.4\spring-security-core-2.0.4.jar;C:\Users\Natalia.Ukhorskaya\.m2\repository\org\springframework\spring-aop\2.0.8\spring-aop-2.0.8.jar;C:\Users\Natalia.Ukhorskaya\.m2\repository\com\atlassian\plugins\atlassian-plugins-core\2.7.5\atlassian-plugins-core-2.7.5.jar;C:\Users\Natalia.Ukhorskaya\.m2\repository\com\atlassian\multitenant\multitenant-core\1.0-m14\multitenant-core-1.0-m14.jar;C:\Users\Natalia.Ukhorskaya\.m2\repository\net\jcip\jcip-annotations\1.0\jcip-annotations-1.0.jar;C:\Users\Natalia.Ukhorskaya\.m2\repository\com\atlassian\crowd\atlassian-embedded-crowd-atlassian-user\1.2.4\atlassian-embedded-crowd-atlassian-user-1.2.4.jar;C:\Users\Natalia.Ukhorskaya\.m2\repository\com\atlassian\crowd\embedded-crowd-core\2.2.5\embedded-crowd-core-2.2.5.jar;C:\Users\Natalia.Ukhorskaya\.m2\repository\com\atlassian\crowd\crowd-core\2.2.5\crowd-core-2.2.5.jar;C:\Users\Natalia.Ukhorskaya\.m2\repository\com\atlassian\crowd\crowd-ldap\2.2.5\crowd-ldap-2.2.5.jar;C:\Users\Natalia.Ukhorskaya\.m2\repository\com\atlassian\crowd\crowd-events\2.2.5\crowd-events-2.2.5.jar;C:\Users\Natalia.Ukhorskaya\.m2\repository\com\atlassian\crowd\crowd-persistence\2.2.5\crowd-persistence-2.2.5.jar;C:\Users\Natalia.Ukhorskaya\.m2\repository\com\atlassian\config\atlassian-config\0.13.2\atlassian-config-0.13.2.jar;C:\Users\Natalia.Ukhorskaya\.m2\repository\net\sf\ehcache\ehcache\1.2.3\ehcache-1.2.3.jar;C:\Users\Natalia.Ukhorskaya\.m2\repository\javax\transaction\jta\1.0.1B\jta-1.0.1B.jar;C:\Users\Natalia.Ukhorskaya\.m2\repository\cglib\cglib\2.1_3\cglib-2.1_3.jar;C:\Users\Natalia.Ukhorskaya\.m2\repository\asm\asm\1.5.3\asm-1.5.3.jar;C:\Users\Natalia.Ukhorskaya\.m2\repository\org\slf4j\slf4j-log4j12\1.5.8\slf4j-log4j12-1.5.8.jar;C:\Users\Natalia.Ukhorskaya\.m2\repository\joda-time\joda-time\1.6\joda-time-1.6.jar;C:\Users\Natalia.Ukhorskaya\.m2\repository\com\atlassian\crowd\crowd-remote\2.2.5\crowd-remote-2.2.5.jar;C:\Users\Natalia.Ukhorskaya\.m2\repository\org\springframework\ldap\spring-ldap-core\1.3.0.RELEASE\spring-ldap-core-1.3.0.RELEASE.jar;C:\Users\Natalia.Ukhorskaya\.m2\repository\com\atlassian\security\atlassian-secure-random\1.0\atlassian-secure-random-1.0.jar;C:\Users\Natalia.Ukhorskaya\.m2\repository\opensymphony\propertyset\1.3-21Nov03\propertyset-1.3-21Nov03.jar;C:\Users\Natalia.Ukhorskaya\.m2\repository\com\atlassian\user\atlassian-user\3.0\atlassian-user-3.0.jar;C:\Users\Natalia.Ukhorskaya\.m2\repository\com\atlassian\cache\atlassian-cache-api\0.1\atlassian-cache-api-0.1.jar;C:\Users\Natalia.Ukhorskaya\.m2\repository\osuser\osuser\atl.user\osuser-atl.user.jar;C:\Users\Natalia.Ukhorskaya\.m2\repository\org\springframework\spring-hibernate2\2.0.8\spring-hibernate2-2.0.8.jar;C:\Users\Natalia.Ukhorskaya\.m2\repository\hibernate\hibernate\2.1.8-atlassian-9\hibernate-2.1.8-atlassian-9.jar;C:\Users\Natalia.Ukhorskaya\.m2\repository\org\springframework\spring-dao\2.0.8\spring-dao-2.0.8.jar;C:\Users\Natalia.Ukhorskaya\.m2\repository\org\springframework\spring-jdbc\2.0.8\spring-jdbc-2.0.8.jar;C:\Users\Natalia.Ukhorskaya\.m2\repository\net\sf\ldaptemplate\ldaptemplate\1.0.1\ldaptemplate-1.0.1.jar;C:\Users\Natalia.Ukhorskaya\.m2\repository\com\atlassian\crowd\atlassian-embedded-crowd-hibernate2\1.2.4\atlassian-embedded-crowd-hibernate2-1.2.4.jar;C:\Users\Natalia.Ukhorskaya\.m2\repository\odmg\odmg\3.0\odmg-3.0.jar;C:\Users\Natalia.Ukhorskaya\.m2\repository\com\atlassian\confluence\confluence-upgrade\3.5.2\confluence-upgrade-3.5.2.jar;C:\Users\Natalia.Ukhorskaya\.m2\repository\com\atlassian\confluence\confluence-bucket\3.5.2\confluence-bucket-3.5.2.jar;C:\Users\Natalia.Ukhorskaya\.m2\repository\com\atlassian\gzipfilter\atlassian-gzipfilter\1.9\atlassian-gzipfilter-1.9.jar;C:\Users\Natalia.Ukhorskaya\.m2\repository\com\atlassian\applinks\applinks-api\3.3\applinks-api-3.3.jar;C:\Users\Natalia.Ukhorskaya\.m2\repository\com\atlassian\applinks\applinks-spi\3.3\applinks-spi-3.3.jar;C:\Users\Natalia.Ukhorskaya\.m2\repository\com\atlassian\applinks\applinks-host\3.3\applinks-host-3.3.jar;C:\Users\Natalia.Ukhorskaya\.m2\repository\com\atlassian\modzdetector\modz-detector\0.8\modz-detector-0.8.jar;C:\Users\Natalia.Ukhorskaya\.m2\repository\com\atlassian\mail\atlassian-mail\1.16\atlassian-mail-1.16.jar;C:\Users\Natalia.Ukhorskaya\.m2\repository\com\atlassian\velocity\atlassian-velocity\0.7\atlassian-velocity-0.7.jar;C:\Users\Natalia.Ukhorskaya\.m2\repository\mockobjects\mockobjects-alt-jdk1.3-j2ee1.3\0.09\mockobjects-alt-jdk1.3-j2ee1.3-0.09.jar;C:\Users\Natalia.Ukhorskaya\.m2\repository\commons-beanutils\commons-beanutils\1.6.1\commons-beanutils-1.6.1.jar;C:\Users\Natalia.Ukhorskaya\.m2\repository\commons-digester\commons-digester\1.5\commons-digester-1.5.jar;C:\Users\Natalia.Ukhorskaya\.m2\repository\xerces\xercesImpl\2.9.1\xercesImpl-2.9.1.jar;C:\Users\Natalia.Ukhorskaya\.m2\repository\opensymphony\sitemesh\2.3-atlassian\sitemesh-2.3-atlassian.jar;C:\Users\Natalia.Ukhorskaya\.m2\repository\com\atlassian\johnson\atlassian-johnson\0.10\atlassian-johnson-0.10.jar;C:\Users\Natalia.Ukhorskaya\.m2\repository\com\atlassian\spring\atlassian-spring-hibernate2\2.0-rc4\atlassian-spring-hibernate2-2.0-rc4.jar;C:\Users\Natalia.Ukhorskaya\.m2\repository\com\atlassian\xwork\atlassian-xwork-10\1.12\atlassian-xwork-10-1.12.jar;C:\Users\Natalia.Ukhorskaya\.m2\repository\com\atlassian\xwork\atlassian-xwork-core\1.12\atlassian-xwork-core-1.12.jar;C:\Users\Natalia.Ukhorskaya\.m2\repository\opensymphony\xwork\1.0.3.2\xwork-1.0.3.2.jar;C:\Users\Natalia.Ukhorskaya\.m2\repository\opensymphony\webwork\2.1.5-atlassian-2\webwork-2.1.5-atlassian-2.jar;C:\Users\Natalia.Ukhorskaya\.m2\repository\commons-fileupload\commons-fileupload\1.2.1\commons-fileupload-1.2.1.jar;C:\Users\Natalia.Ukhorskaya\.m2\repository\ognl\ognl\2.6.5-atlassian-2\ognl-2.6.5-atlassian-2.jar;C:\Users\Natalia.Ukhorskaya\.m2\repository\rome\rome\1.0\rome-1.0.jar;C:\Users\Natalia.Ukhorskaya\.m2\repository\jdom\jdom\1.0\jdom-1.0.jar;C:\Users\Natalia.Ukhorskaya\.m2\repository\com\atlassian\trackback\atlassian-trackback\0.10\atlassian-trackback-0.10.jar;C:\Users\Natalia.Ukhorskaya\.m2\repository\oro\oro\2.0.8\oro-2.0.8.jar;C:\Users\Natalia.Ukhorskaya\.m2\repository\com\atlassian\extras\atlassian-extras\2.4\atlassian-extras-2.4.jar;C:\Users\Natalia.Ukhorskaya\.m2\repository\com\atlassian\seraph\atlassian-seraph\2.4.0\atlassian-seraph-2.4.0.jar;C:\Users\Natalia.Ukhorskaya\.m2\repository\com\atlassian\plugins\atlassian-plugins-servlet\2.7.5\atlassian-plugins-servlet-2.7.5.jar;C:\Users\Natalia.Ukhorskaya\.m2\repository\com\atlassian\plugins\atlassian-plugins-webfragment\2.7.5\atlassian-plugins-webfragment-2.7.5.jar;C:\Users\Natalia.Ukhorskaya\.m2\repository\com\atlassian\plugins\atlassian-plugins-webresource\2.7.5\atlassian-plugins-webresource-2.7.5.jar;C:\Users\Natalia.Ukhorskaya\.m2\repository\com\atlassian\plugins\atlassian-plugins-osgi\2.7.5\atlassian-plugins-osgi-2.7.5.jar;C:\Users\Natalia.Ukhorskaya\.m2\repository\com\atlassian\plugins\atlassian-plugins-osgi-events\2.7.5\atlassian-plugins-osgi-events-2.7.5.jar;C:\Users\Natalia.Ukhorskaya\.m2\repository\biz\aQute\bndlib\0.0.255\bndlib-0.0.255.jar;C:\Users\Natalia.Ukhorskaya\.m2\repository\org\apache\felix\org.apache.felix.framework\3.0.2\org.apache.felix.framework-3.0.2.jar;C:\Users\Natalia.Ukhorskaya\.m2\repository\org\twdata\pkgscanner\package-scanner\0.9.5\package-scanner-0.9.5.jar;C:\Users\Natalia.Ukhorskaya\.m2\repository\com\atlassian\plugins\atlassian-plugins-spring\2.7.5\atlassian-plugins-spring-2.7.5.jar;C:\Users\Natalia.Ukhorskaya\.m2\repository\com\atlassian\bandana\atlassian-bandana\3.1\atlassian-bandana-3.1.jar;C:\Users\Natalia.Ukhorskaya\.m2\repository\com\atlassian\renderer\atlassian-renderer\7.0\atlassian-renderer-7.0.jar;C:\Users\Natalia.Ukhorskaya\.m2\repository\net\sourceforge\nekohtml\nekohtml\1.9.12\nekohtml-1.9.12.jar;C:\Users\Natalia.Ukhorskaya\.m2\repository\radeox\radeox\1.0b2-forked-22Apr2004\radeox-1.0b2-forked-22Apr2004.jar;C:\Users\Natalia.Ukhorskaya\.m2\repository\org\hibernate\jtidy\r8-20060801\jtidy-r8-20060801.jar;C:\Users\Natalia.Ukhorskaya\.m2\repository\com\atlassian\bonnie\atlassian-bonnie\4.0-beta3\atlassian-bonnie-4.0-beta3.jar;C:\Users\Natalia.Ukhorskaya\.m2\repository\org\apache\lucene\lucene-core\2.9.4\lucene-core-2.9.4.jar;C:\Users\Natalia.Ukhorskaya\.m2\repository\org\apache\pdfbox\pdfbox\1.2.1\pdfbox-1.2.1.jar;C:\Users\Natalia.Ukhorskaya\.m2\repository\org\apache\pdfbox\fontbox\1.2.1\fontbox-1.2.1.jar;C:\Users\Natalia.Ukhorskaya\.m2\repository\org\apache\pdfbox\jempbox\1.2.1\jempbox-1.2.1.jar;C:\Users\Natalia.Ukhorskaya\.m2\repository\org\apache\poi\poi\3.5-FINAL\poi-3.5-FINAL.jar;C:\Users\Natalia.Ukhorskaya\.m2\repository\org\apache\poi\poi-scratchpad\3.5-FINAL\poi-scratchpad-3.5-FINAL.jar;C:\Users\Natalia.Ukhorskaya\.m2\repository\org\bouncycastle\bcprov-jdk15\1.44\bcprov-jdk15-1.44.jar;C:\Users\Natalia.Ukhorskaya\.m2\repository\org\bouncycastle\bcmail-jdk15\1.44\bcmail-jdk15-1.44.jar;C:\Users\Natalia.Ukhorskaya\.m2\repository\com\ibm\icu\icu4j\3.8\icu4j-3.8.jar;C:\Users\Natalia.Ukhorskaya\.m2\repository\com\atlassian\jdk\utilities\atlassian-jdk-utilities\0.4\atlassian-jdk-utilities-0.4.jar;C:\Users\Natalia.Ukhorskaya\.m2\repository\com\atlassian\security\auth\trustedapps\atlassian-trusted-apps-core\2.3.1\atlassian-trusted-apps-core-2.3.1.jar;C:\Users\Natalia.Ukhorskaya\.m2\repository\com\atlassian\security\auth\trustedapps\atlassian-trusted-apps-seraph-integration\2.3.1\atlassian-trusted-apps-seraph-integration-2.3.1.jar;C:\Users\Natalia.Ukhorskaya\.m2\repository\org\slf4j\jul-to-slf4j\1.5.8\jul-to-slf4j-1.5.8.jar;C:\Users\Natalia.Ukhorskaya\.m2\repository\org\directwebremoting\dwr\2.0.3\dwr-2.0.3.jar;C:\Users\Natalia.Ukhorskaya\.m2\repository\c3p0\c3p0\0.9.1.2\c3p0-0.9.1.2.jar;C:\Users\Natalia.Ukhorskaya\.m2\repository\com\sun\jai_core\1.1.3\jai_core-1.1.3.jar;C:\Users\Natalia.Ukhorskaya\.m2\repository\com\sun\jai_codec\1.1.3\jai_codec-1.1.3.jar;C:\Users\Natalia.Ukhorskaya\.m2\repository\oscache\oscache\2.2\oscache-2.2.jar;C:\Users\Natalia.Ukhorskaya\.m2\repository\org\apache\velocity\velocity\1.6.1-atlassian-2\velocity-1.6.1-atlassian-2.jar;C:\Users\Natalia.Ukhorskaya\.m2\repository\org\springframework\spring-support\2.0.8\spring-support-2.0.8.jar;C:\Users\Natalia.Ukhorskaya\.m2\repository\org\springframework\spring-jmx\2.0.8\spring-jmx-2.0.8.jar;C:\Users\Natalia.Ukhorskaya\.m2\repository\com\atlassian\paddle\atlassian-paddle\5\atlassian-paddle-5.jar;C:\Users\Natalia.Ukhorskaya\.m2\repository\org\aspectj\aspectjweaver\1.6.0\aspectjweaver-1.6.0.jar;C:\Users\Natalia.Ukhorskaya\.m2\repository\velocity-tools\velocity-tools\view-1.1\velocity-tools-view-1.1.jar;C:\Users\Natalia.Ukhorskaya\.m2\repository\org\apache\lucene\lucene-analyzers\2.9.4\lucene-analyzers-2.9.4.jar;C:\Users\Natalia.Ukhorskaya\.m2\repository\org\apache\lucene\lucene-misc\2.9.4\lucene-misc-2.9.4.jar;C:\Users\Natalia.Ukhorskaya\.m2\repository\org\apache\lucene\lucene-highlighter\2.9.4\lucene-highlighter-2.9.4.jar;C:\Users\Natalia.Ukhorskaya\.m2\repository\org\apache\lucene\lucene-memory\2.9.4\lucene-memory-2.9.4.jar;C:\Users\Natalia.Ukhorskaya\.m2\repository\batik\batik-all\1.6\batik-all-1.6.jar;C:\Users\Natalia.Ukhorskaya\.m2\repository\net\sourceforge\cssparser\cssparser\0.9.5\cssparser-0.9.5.jar;C:\Users\Natalia.Ukhorskaya\.m2\repository\org\w3c\css\sac\1.3\sac-1.3.jar;C:\Users\Natalia.Ukhorskaya\.m2\repository\org\quartz-scheduler\quartz\1.8.0\quartz-1.8.0.jar;C:\Users\Natalia.Ukhorskaya\.m2\repository\org\hsqldb\hsqldb\2.0.1-rc3-20110120\hsqldb-2.0.1-rc3-20110120.jar;C:\Users\Natalia.Ukhorskaya\.m2\repository\commons-jrcs\commons-jrcs\diff-0.1.7\commons-jrcs-diff-0.1.7.jar;C:\Users\Natalia.Ukhorskaya\.m2\repository\xmlrpc\xmlrpc\2.0+xmlrpc61.1+sbfix\xmlrpc-2.0+xmlrpc61.1+sbfix.jar;C:\Users\Natalia.Ukhorskaya\.m2\repository\glue\glue\5.0b2\glue-5.0b2.jar;C:\Users\Natalia.Ukhorskaya\.m2\repository\exml\exml\7.1\exml-7.1.jar;C:\Users\Natalia.Ukhorskaya\.m2\repository\axis\axis\1.2.1\axis-1.2.1.jar;C:\Users\Natalia.Ukhorskaya\.m2\repository\wsdl4j\wsdl4j\1.5.1\wsdl4j-1.5.1.jar;C:\Users\Natalia.Ukhorskaya\.m2\repository\commons-discovery\commons-discovery\0.2\commons-discovery-0.2.jar;C:\Users\Natalia.Ukhorskaya\.m2\repository\axis\axis-jaxrpc\1.2.1-noqname\axis-jaxrpc-1.2.1-noqname.jar;C:\Users\Natalia.Ukhorskaya\.m2\repository\axis\axis-saaj\1.2.1\axis-saaj-1.2.1.jar;C:\Users\Natalia.Ukhorskaya\.m2\repository\slide\slide\2.1\slide-2.1.jar;C:\Users\Natalia.Ukhorskaya\.m2\repository\com\thoughtworks\xstream\xstream\1.1.1\xstream-1.1.1.jar;C:\Users\Natalia.Ukhorskaya\.m2\repository\xpp3\xpp3_min\1.1.3.4.O\xpp3_min-1.1.3.4.O.jar;C:\Users\Natalia.Ukhorskaya\.m2\repository\jfree\jfreechart\1.0.0\jfreechart-1.0.0.jar;C:\Users\Natalia.Ukhorskaya\.m2\repository\jfree\jcommon\1.0.0\jcommon-1.0.0.jar;C:\Users\Natalia.Ukhorskaya\.m2\repository\xalan\xalan\2.7.0\xalan-2.7.0.jar;C:\Users\Natalia.Ukhorskaya\.m2\repository\com\octo\captcha\jcaptcha-all\1.0-RC6\jcaptcha-all-1.0-RC6.jar;C:\Users\Natalia.Ukhorskaya\.m2\repository\concurrent\concurrent\1.3.4\concurrent-1.3.4.jar;C:\Users\Natalia.Ukhorskaya\.m2\repository\net\java\dev\urlrewrite\urlrewrite\2.6.0\urlrewrite-2.6.0.jar;C:\Users\Natalia.Ukhorskaya\.m2\repository\javax\xml\stream\stax-api\1.0-2\stax-api-1.0-2.jar;C:\Users\Natalia.Ukhorskaya\.m2\repository\org\codehaus\woodstox\wstx-asl\3.2.4\wstx-asl-3.2.4.jar;C:\Users\Natalia.Ukhorskaya\.m2\repository\org\codehaus\xfire\xfire-core\1.2.6\xfire-core-1.2.6.jar;C:\Users\Natalia.Ukhorskaya\.m2\repository\org\apache\ws\commons\XmlSchema\1.1\XmlSchema-1.1.jar;C:\Users\Natalia.Ukhorskaya\.m2\repository\org\codehaus\xfire\xfire-aegis\1.2.6\xfire-aegis-1.2.6.jar;C:\Users\Natalia.Ukhorskaya\.m2\repository\net\java\dev\stax-utils\stax-utils\20040917\stax-utils-20040917.jar;C:\Users\Natalia.Ukhorskaya\.m2\repository\com\atlassian\sal\sal-spi\2.4.1\sal-spi-2.4.1.jar;C:\Users\Natalia.Ukhorskaya\.m2\repository\com\atlassian\sal\sal-spring\2.4.1\sal-spring-2.4.1.jar;C:\Users\Natalia.Ukhorskaya\.m2\repository\com\atlassian\sal\sal-api\2.4.1\sal-api-2.4.1.jar;C:\Users\Natalia.Ukhorskaya\.m2\repository\com\atlassian\cache\atlassian-cache-memory\0.1\atlassian-cache-memory-0.1.jar;C:\Users\Natalia.Ukhorskaya\.m2\repository\com\atlassian\confluence\plugin\func-test\2.3\func-test-2.3.jar;C:\Users\Natalia.Ukhorskaya\.m2\repository\net\sourceforge\jwebunit\jwebunit-htmlunit-plugin\2.2\jwebunit-htmlunit-plugin-2.2.jar;C:\Users\Natalia.Ukhorskaya\.m2\repository\net\sourceforge\htmlunit\htmlunit\2.5\htmlunit-2.5.jar;C:\Users\Natalia.Ukhorskaya\.m2\repository\net\sourceforge\htmlunit\htmlunit-core-js\2.5\htmlunit-core-js-2.5.jar;C:\Users\Natalia.Ukhorskaya\.m2\repository\net\sourceforge\jwebunit\jwebunit-core\2.2\jwebunit-core-2.2.jar;C:\Users\Natalia.Ukhorskaya\.m2\repository\regexp\regexp\1.3\regexp-1.3.jar;"/>
    <property name="java.specification.name" value="Java Platform API Specification"/>
    <property name="java.class.version" value="50.0"/>
    <property name="sun.management.compiler" value="HotSpot 64-Bit Tiered Compilers"/>
    <property name="os.version" value="6.1"/>
    <property name="user.home" value="C:\Users\Natalia.Ukhorskaya"/>
    <property name="user.timezone" value="Europe/Moscow"/>
    <property name="java.awt.printerjob" value="sun.awt.windows.WPrinterJob"/>
    <property name="java.specification.version" value="1.6"/>
    <property name="file.encoding" value="Cp1252"/>
    <property name="user.name" value="Natalia.Ukhorskaya"/>
    <property name="java.class.path" value="C:\Development\kotlin-fork\kotlin\confluence\target\test-classes;C:\Development\kotlin-fork\kotlin\confluence\target\classes;C:\Users\Natalia.Ukhorskaya\.m2\repository\junit\junit\4.6\junit-4.6.jar;C:\Users\Natalia.Ukhorskaya\.m2\repository\com\atlassian\confluence\confluence\3.5.2\confluence-3.5.2.jar;C:\Users\Natalia.Ukhorskaya\.m2\repository\com\atlassian\crowd\embedded-crowd-api\2.2.5\embedded-crowd-api-2.2.5.jar;C:\Users\Natalia.Ukhorskaya\.m2\repository\commons-lang\commons-lang\2.4\commons-lang-2.4.jar;C:\Users\Natalia.Ukhorskaya\.m2\repository\com\google\collections\google-collections\1.0\google-collections-1.0.jar;C:\Users\Natalia.Ukhorskaya\.m2\repository\com\atlassian\crowd\crowd-integration-api\2.2.5\crowd-integration-api-2.2.5.jar;C:\Users\Natalia.Ukhorskaya\.m2\repository\commons-codec\commons-codec\1.4\commons-codec-1.4.jar;C:\Users\Natalia.Ukhorskaya\.m2\repository\log4j\log4j\1.2.15\log4j-1.2.15.jar;C:\Users\Natalia.Ukhorskaya\.m2\repository\com\atlassian\crowd\crowd-integration-seraph22\2.2.5\crowd-integration-seraph22-2.2.5.jar;C:\Users\Natalia.Ukhorskaya\.m2\repository\com\atlassian\crowd\crowd-integration-client-rest\2.2.5\crowd-integration-client-rest-2.2.5.jar;C:\Users\Natalia.Ukhorskaya\.m2\repository\com\atlassian\crowd\crowd-integration-client-common\2.2.5\crowd-integration-client-common-2.2.5.jar;C:\Users\Natalia.Ukhorskaya\.m2\repository\com\atlassian\security\atlassian-cookie-tools\2.0\atlassian-cookie-tools-2.0.jar;C:\Users\Natalia.Ukhorskaya\.m2\repository\commons-httpclient\commons-httpclient\3.0\commons-httpclient-3.0.jar;C:\Users\Natalia.Ukhorskaya\.m2\repository\commons-logging\commons-logging\1.1.1\commons-logging-1.1.1.jar;C:\Users\Natalia.Ukhorskaya\.m2\repository\com\atlassian\core\atlassian-core\4.5.8\atlassian-core-4.5.8.jar;C:\Users\Natalia.Ukhorskaya\.m2\repository\com\atlassian\profiling\atlassian-profiling\1.8.1\atlassian-profiling-1.8.1.jar;C:\Users\Natalia.Ukhorskaya\.m2\repository\javax\servlet\servlet-api\2.4\servlet-api-2.4.jar;C:\Users\Natalia.Ukhorskaya\.m2\repository\commons-collections\commons-collections\3.2\commons-collections-3.2.jar;C:\Users\Natalia.Ukhorskaya\.m2\repository\commons-io\commons-io\1.4\commons-io-1.4.jar;C:\Users\Natalia.Ukhorskaya\.m2\repository\dom4j\dom4j\1.4-full\dom4j-1.4-full.jar;C:\Users\Natalia.Ukhorskaya\.m2\repository\opensymphony\oscore\2.2.7-atlassian-1\oscore-2.2.7-atlassian-1.jar;C:\Users\Natalia.Ukhorskaya\.m2\repository\mockobjects\alt-jdk1.3\0.07\alt-jdk1.3-0.07.jar;C:\Users\Natalia.Ukhorskaya\.m2\repository\com\atlassian\crowd\embedded-crowd-spi\2.2.5\embedded-crowd-spi-2.2.5.jar;C:\Users\Natalia.Ukhorskaya\.m2\repository\com\atlassian\crowd\crowd-api\2.2.5\crowd-api-2.2.5.jar;C:\Users\Natalia.Ukhorskaya\.m2\repository\com\atlassian\spring\atlassian-spring\2.0-rc4\atlassian-spring-2.0-rc4.jar;C:\Users\Natalia.Ukhorskaya\.m2\repository\com\atlassian\event\atlassian-event\2.0.6\atlassian-event-2.0.6.jar;C:\Users\Natalia.Ukhorskaya\.m2\repository\org\springframework\spring-core\2.0.8\spring-core-2.0.8.jar;C:\Users\Natalia.Ukhorskaya\.m2\repository\org\springframework\spring-context\2.0.8\spring-context-2.0.8.jar;C:\Users\Natalia.Ukhorskaya\.m2\repository\aopalliance\aopalliance\1.0\aopalliance-1.0.jar;C:\Users\Natalia.Ukhorskaya\.m2\repository\org\springframework\spring-beans\2.0.8\spring-beans-2.0.8.jar;C:\Users\Natalia.Ukhorskaya\.m2\repository\org\springframework\spring-web\2.0.8\spring-web-2.0.8.jar;C:\Users\Natalia.Ukhorskaya\.m2\repository\com\atlassian\util\concurrent\atlassian-util-concurrent\0.0.12\atlassian-util-concurrent-0.0.12.jar;C:\Users\Natalia.Ukhorskaya\.m2\repository\org\slf4j\slf4j-api\1.5.8\slf4j-api-1.5.8.jar;C:\Users\Natalia.Ukhorskaya\.m2\repository\javax\mail\mail\1.4.1\mail-1.4.1.jar;C:\Users\Natalia.Ukhorskaya\.m2\repository\javax\activation\activation\1.0.2\activation-1.0.2.jar;C:\Users\Natalia.Ukhorskaya\.m2\repository\com\atlassian\crowd\crowd-password-encoders\2.2.5\crowd-password-encoders-2.2.5.jar;C:\Users\Natalia.Ukhorskaya\.m2\repository\com\atlassian\security\atlassian-password-encoder\1.0\atlassian-password-encoder-1.0.jar;C:\Users\Natalia.Ukhorskaya\.m2\repository\org\springframework\security\spring-security-core\2.0.4\spring-security-core-2.0.4.jar;C:\Users\Natalia.Ukhorskaya\.m2\repository\org\springframework\spring-aop\2.0.8\spring-aop-2.0.8.jar;C:\Users\Natalia.Ukhorskaya\.m2\repository\com\atlassian\plugins\atlassian-plugins-core\2.7.5\atlassian-plugins-core-2.7.5.jar;C:\Users\Natalia.Ukhorskaya\.m2\repository\com\atlassian\multitenant\multitenant-core\1.0-m14\multitenant-core-1.0-m14.jar;C:\Users\Natalia.Ukhorskaya\.m2\repository\net\jcip\jcip-annotations\1.0\jcip-annotations-1.0.jar;C:\Users\Natalia.Ukhorskaya\.m2\repository\com\atlassian\crowd\atlassian-embedded-crowd-atlassian-user\1.2.4\atlassian-embedded-crowd-atlassian-user-1.2.4.jar;C:\Users\Natalia.Ukhorskaya\.m2\repository\com\atlassian\crowd\embedded-crowd-core\2.2.5\embedded-crowd-core-2.2.5.jar;C:\Users\Natalia.Ukhorskaya\.m2\repository\com\atlassian\crowd\crowd-core\2.2.5\crowd-core-2.2.5.jar;C:\Users\Natalia.Ukhorskaya\.m2\repository\com\atlassian\crowd\crowd-ldap\2.2.5\crowd-ldap-2.2.5.jar;C:\Users\Natalia.Ukhorskaya\.m2\repository\com\atlassian\crowd\crowd-events\2.2.5\crowd-events-2.2.5.jar;C:\Users\Natalia.Ukhorskaya\.m2\repository\com\atlassian\crowd\crowd-persistence\2.2.5\crowd-persistence-2.2.5.jar;C:\Users\Natalia.Ukhorskaya\.m2\repository\com\atlassian\config\atlassian-config\0.13.2\atlassian-config-0.13.2.jar;C:\Users\Natalia.Ukhorskaya\.m2\repository\net\sf\ehcache\ehcache\1.2.3\ehcache-1.2.3.jar;C:\Users\Natalia.Ukhorskaya\.m2\repository\javax\transaction\jta\1.0.1B\jta-1.0.1B.jar;C:\Users\Natalia.Ukhorskaya\.m2\repository\cglib\cglib\2.1_3\cglib-2.1_3.jar;C:\Users\Natalia.Ukhorskaya\.m2\repository\asm\asm\1.5.3\asm-1.5.3.jar;C:\Users\Natalia.Ukhorskaya\.m2\repository\org\slf4j\slf4j-log4j12\1.5.8\slf4j-log4j12-1.5.8.jar;C:\Users\Natalia.Ukhorskaya\.m2\repository\joda-time\joda-time\1.6\joda-time-1.6.jar;C:\Users\Natalia.Ukhorskaya\.m2\repository\com\atlassian\crowd\crowd-remote\2.2.5\crowd-remote-2.2.5.jar;C:\Users\Natalia.Ukhorskaya\.m2\repository\org\springframework\ldap\spring-ldap-core\1.3.0.RELEASE\spring-ldap-core-1.3.0.RELEASE.jar;C:\Users\Natalia.Ukhorskaya\.m2\repository\com\atlassian\security\atlassian-secure-random\1.0\atlassian-secure-random-1.0.jar;C:\Users\Natalia.Ukhorskaya\.m2\repository\opensymphony\propertyset\1.3-21Nov03\propertyset-1.3-21Nov03.jar;C:\Users\Natalia.Ukhorskaya\.m2\repository\com\atlassian\user\atlassian-user\3.0\atlassian-user-3.0.jar;C:\Users\Natalia.Ukhorskaya\.m2\repository\com\atlassian\cache\atlassian-cache-api\0.1\atlassian-cache-api-0.1.jar;C:\Users\Natalia.Ukhorskaya\.m2\repository\osuser\osuser\atl.user\osuser-atl.user.jar;C:\Users\Natalia.Ukhorskaya\.m2\repository\org\springframework\spring-hibernate2\2.0.8\spring-hibernate2-2.0.8.jar;C:\Users\Natalia.Ukhorskaya\.m2\repository\hibernate\hibernate\2.1.8-atlassian-9\hibernate-2.1.8-atlassian-9.jar;C:\Users\Natalia.Ukhorskaya\.m2\repository\org\springframework\spring-dao\2.0.8\spring-dao-2.0.8.jar;C:\Users\Natalia.Ukhorskaya\.m2\repository\org\springframework\spring-jdbc\2.0.8\spring-jdbc-2.0.8.jar;C:\Users\Natalia.Ukhorskaya\.m2\repository\net\sf\ldaptemplate\ldaptemplate\1.0.1\ldaptemplate-1.0.1.jar;C:\Users\Natalia.Ukhorskaya\.m2\repository\com\atlassian\crowd\atlassian-embedded-crowd-hibernate2\1.2.4\atlassian-embedded-crowd-hibernate2-1.2.4.jar;C:\Users\Natalia.Ukhorskaya\.m2\repository\odmg\odmg\3.0\odmg-3.0.jar;C:\Users\Natalia.Ukhorskaya\.m2\repository\com\atlassian\confluence\confluence-upgrade\3.5.2\confluence-upgrade-3.5.2.jar;C:\Users\Natalia.Ukhorskaya\.m2\repository\com\atlassian\confluence\confluence-bucket\3.5.2\confluence-bucket-3.5.2.jar;C:\Users\Natalia.Ukhorskaya\.m2\repository\com\atlassian\gzipfilter\atlassian-gzipfilter\1.9\atlassian-gzipfilter-1.9.jar;C:\Users\Natalia.Ukhorskaya\.m2\repository\com\atlassian\applinks\applinks-api\3.3\applinks-api-3.3.jar;C:\Users\Natalia.Ukhorskaya\.m2\repository\com\atlassian\applinks\applinks-spi\3.3\applinks-spi-3.3.jar;C:\Users\Natalia.Ukhorskaya\.m2\repository\com\atlassian\applinks\applinks-host\3.3\applinks-host-3.3.jar;C:\Users\Natalia.Ukhorskaya\.m2\repository\com\atlassian\modzdetector\modz-detector\0.8\modz-detector-0.8.jar;C:\Users\Natalia.Ukhorskaya\.m2\repository\com\atlassian\mail\atlassian-mail\1.16\atlassian-mail-1.16.jar;C:\Users\Natalia.Ukhorskaya\.m2\repository\com\atlassian\velocity\atlassian-velocity\0.7\atlassian-velocity-0.7.jar;C:\Users\Natalia.Ukhorskaya\.m2\repository\mockobjects\mockobjects-alt-jdk1.3-j2ee1.3\0.09\mockobjects-alt-jdk1.3-j2ee1.3-0.09.jar;C:\Users\Natalia.Ukhorskaya\.m2\repository\commons-beanutils\commons-beanutils\1.6.1\commons-beanutils-1.6.1.jar;C:\Users\Natalia.Ukhorskaya\.m2\repository\commons-digester\commons-digester\1.5\commons-digester-1.5.jar;C:\Users\Natalia.Ukhorskaya\.m2\repository\xerces\xercesImpl\2.9.1\xercesImpl-2.9.1.jar;C:\Users\Natalia.Ukhorskaya\.m2\repository\opensymphony\sitemesh\2.3-atlassian\sitemesh-2.3-atlassian.jar;C:\Users\Natalia.Ukhorskaya\.m2\repository\com\atlassian\johnson\atlassian-johnson\0.10\atlassian-johnson-0.10.jar;C:\Users\Natalia.Ukhorskaya\.m2\repository\com\atlassian\spring\atlassian-spring-hibernate2\2.0-rc4\atlassian-spring-hibernate2-2.0-rc4.jar;C:\Users\Natalia.Ukhorskaya\.m2\repository\com\atlassian\xwork\atlassian-xwork-10\1.12\atlassian-xwork-10-1.12.jar;C:\Users\Natalia.Ukhorskaya\.m2\repository\com\atlassian\xwork\atlassian-xwork-core\1.12\atlassian-xwork-core-1.12.jar;C:\Users\Natalia.Ukhorskaya\.m2\repository\opensymphony\xwork\1.0.3.2\xwork-1.0.3.2.jar;C:\Users\Natalia.Ukhorskaya\.m2\repository\opensymphony\webwork\2.1.5-atlassian-2\webwork-2.1.5-atlassian-2.jar;C:\Users\Natalia.Ukhorskaya\.m2\repository\commons-fileupload\commons-fileupload\1.2.1\commons-fileupload-1.2.1.jar;C:\Users\Natalia.Ukhorskaya\.m2\repository\ognl\ognl\2.6.5-atlassian-2\ognl-2.6.5-atlassian-2.jar;C:\Users\Natalia.Ukhorskaya\.m2\repository\rome\rome\1.0\rome-1.0.jar;C:\Users\Natalia.Ukhorskaya\.m2\repository\jdom\jdom\1.0\jdom-1.0.jar;C:\Users\Natalia.Ukhorskaya\.m2\repository\com\atlassian\trackback\atlassian-trackback\0.10\atlassian-trackback-0.10.jar;C:\Users\Natalia.Ukhorskaya\.m2\repository\oro\oro\2.0.8\oro-2.0.8.jar;C:\Users\Natalia.Ukhorskaya\.m2\repository\com\atlassian\extras\atlassian-extras\2.4\atlassian-extras-2.4.jar;C:\Users\Natalia.Ukhorskaya\.m2\repository\com\atlassian\seraph\atlassian-seraph\2.4.0\atlassian-seraph-2.4.0.jar;C:\Users\Natalia.Ukhorskaya\.m2\repository\com\atlassian\plugins\atlassian-plugins-servlet\2.7.5\atlassian-plugins-servlet-2.7.5.jar;C:\Users\Natalia.Ukhorskaya\.m2\repository\com\atlassian\plugins\atlassian-plugins-webfragment\2.7.5\atlassian-plugins-webfragment-2.7.5.jar;C:\Users\Natalia.Ukhorskaya\.m2\repository\com\atlassian\plugins\atlassian-plugins-webresource\2.7.5\atlassian-plugins-webresource-2.7.5.jar;C:\Users\Natalia.Ukhorskaya\.m2\repository\com\atlassian\plugins\atlassian-plugins-osgi\2.7.5\atlassian-plugins-osgi-2.7.5.jar;C:\Users\Natalia.Ukhorskaya\.m2\repository\com\atlassian\plugins\atlassian-plugins-osgi-events\2.7.5\atlassian-plugins-osgi-events-2.7.5.jar;C:\Users\Natalia.Ukhorskaya\.m2\repository\biz\aQute\bndlib\0.0.255\bndlib-0.0.255.jar;C:\Users\Natalia.Ukhorskaya\.m2\repository\org\apache\felix\org.apache.felix.framework\3.0.2\org.apache.felix.framework-3.0.2.jar;C:\Users\Natalia.Ukhorskaya\.m2\repository\org\twdata\pkgscanner\package-scanner\0.9.5\package-scanner-0.9.5.jar;C:\Users\Natalia.Ukhorskaya\.m2\repository\com\atlassian\plugins\atlassian-plugins-spring\2.7.5\atlassian-plugins-spring-2.7.5.jar;C:\Users\Natalia.Ukhorskaya\.m2\repository\com\atlassian\bandana\atlassian-bandana\3.1\atlassian-bandana-3.1.jar;C:\Users\Natalia.Ukhorskaya\.m2\repository\com\atlassian\renderer\atlassian-renderer\7.0\atlassian-renderer-7.0.jar;C:\Users\Natalia.Ukhorskaya\.m2\repository\net\sourceforge\nekohtml\nekohtml\1.9.12\nekohtml-1.9.12.jar;C:\Users\Natalia.Ukhorskaya\.m2\repository\radeox\radeox\1.0b2-forked-22Apr2004\radeox-1.0b2-forked-22Apr2004.jar;C:\Users\Natalia.Ukhorskaya\.m2\repository\org\hibernate\jtidy\r8-20060801\jtidy-r8-20060801.jar;C:\Users\Natalia.Ukhorskaya\.m2\repository\com\atlassian\bonnie\atlassian-bonnie\4.0-beta3\atlassian-bonnie-4.0-beta3.jar;C:\Users\Natalia.Ukhorskaya\.m2\repository\org\apache\lucene\lucene-core\2.9.4\lucene-core-2.9.4.jar;C:\Users\Natalia.Ukhorskaya\.m2\repository\org\apache\pdfbox\pdfbox\1.2.1\pdfbox-1.2.1.jar;C:\Users\Natalia.Ukhorskaya\.m2\repository\org\apache\pdfbox\fontbox\1.2.1\fontbox-1.2.1.jar;C:\Users\Natalia.Ukhorskaya\.m2\repository\org\apache\pdfbox\jempbox\1.2.1\jempbox-1.2.1.jar;C:\Users\Natalia.Ukhorskaya\.m2\repository\org\apache\poi\poi\3.5-FINAL\poi-3.5-FINAL.jar;C:\Users\Natalia.Ukhorskaya\.m2\repository\org\apache\poi\poi-scratchpad\3.5-FINAL\poi-scratchpad-3.5-FINAL.jar;C:\Users\Natalia.Ukhorskaya\.m2\repository\org\bouncycastle\bcprov-jdk15\1.44\bcprov-jdk15-1.44.jar;C:\Users\Natalia.Ukhorskaya\.m2\repository\org\bouncycastle\bcmail-jdk15\1.44\bcmail-jdk15-1.44.jar;C:\Users\Natalia.Ukhorskaya\.m2\repository\com\ibm\icu\icu4j\3.8\icu4j-3.8.jar;C:\Users\Natalia.Ukhorskaya\.m2\repository\com\atlassian\jdk\utilities\atlassian-jdk-utilities\0.4\atlassian-jdk-utilities-0.4.jar;C:\Users\Natalia.Ukhorskaya\.m2\repository\com\atlassian\security\auth\trustedapps\atlassian-trusted-apps-core\2.3.1\atlassian-trusted-apps-core-2.3.1.jar;C:\Users\Natalia.Ukhorskaya\.m2\repository\com\atlassian\security\auth\trustedapps\atlassian-trusted-apps-seraph-integration\2.3.1\atlassian-trusted-apps-seraph-integration-2.3.1.jar;C:\Users\Natalia.Ukhorskaya\.m2\repository\org\slf4j\jul-to-slf4j\1.5.8\jul-to-slf4j-1.5.8.jar;C:\Users\Natalia.Ukhorskaya\.m2\repository\org\directwebremoting\dwr\2.0.3\dwr-2.0.3.jar;C:\Users\Natalia.Ukhorskaya\.m2\repository\c3p0\c3p0\0.9.1.2\c3p0-0.9.1.2.jar;C:\Users\Natalia.Ukhorskaya\.m2\repository\com\sun\jai_core\1.1.3\jai_core-1.1.3.jar;C:\Users\Natalia.Ukhorskaya\.m2\repository\com\sun\jai_codec\1.1.3\jai_codec-1.1.3.jar;C:\Users\Natalia.Ukhorskaya\.m2\repository\oscache\oscache\2.2\oscache-2.2.jar;C:\Users\Natalia.Ukhorskaya\.m2\repository\org\apache\velocity\velocity\1.6.1-atlassian-2\velocity-1.6.1-atlassian-2.jar;C:\Users\Natalia.Ukhorskaya\.m2\repository\org\springframework\spring-support\2.0.8\spring-support-2.0.8.jar;C:\Users\Natalia.Ukhorskaya\.m2\repository\org\springframework\spring-jmx\2.0.8\spring-jmx-2.0.8.jar;C:\Users\Natalia.Ukhorskaya\.m2\repository\com\atlassian\paddle\atlassian-paddle\5\atlassian-paddle-5.jar;C:\Users\Natalia.Ukhorskaya\.m2\repository\org\aspectj\aspectjweaver\1.6.0\aspectjweaver-1.6.0.jar;C:\Users\Natalia.Ukhorskaya\.m2\repository\velocity-tools\velocity-tools\view-1.1\velocity-tools-view-1.1.jar;C:\Users\Natalia.Ukhorskaya\.m2\repository\org\apache\lucene\lucene-analyzers\2.9.4\lucene-analyzers-2.9.4.jar;C:\Users\Natalia.Ukhorskaya\.m2\repository\org\apache\lucene\lucene-misc\2.9.4\lucene-misc-2.9.4.jar;C:\Users\Natalia.Ukhorskaya\.m2\repository\org\apache\lucene\lucene-highlighter\2.9.4\lucene-highlighter-2.9.4.jar;C:\Users\Natalia.Ukhorskaya\.m2\repository\org\apache\lucene\lucene-memory\2.9.4\lucene-memory-2.9.4.jar;C:\Users\Natalia.Ukhorskaya\.m2\repository\batik\batik-all\1.6\batik-all-1.6.jar;C:\Users\Natalia.Ukhorskaya\.m2\repository\net\sourceforge\cssparser\cssparser\0.9.5\cssparser-0.9.5.jar;C:\Users\Natalia.Ukhorskaya\.m2\repository\org\w3c\css\sac\1.3\sac-1.3.jar;C:\Users\Natalia.Ukhorskaya\.m2\repository\org\quartz-scheduler\quartz\1.8.0\quartz-1.8.0.jar;C:\Users\Natalia.Ukhorskaya\.m2\repository\org\hsqldb\hsqldb\2.0.1-rc3-20110120\hsqldb-2.0.1-rc3-20110120.jar;C:\Users\Natalia.Ukhorskaya\.m2\repository\commons-jrcs\commons-jrcs\diff-0.1.7\commons-jrcs-diff-0.1.7.jar;C:\Users\Natalia.Ukhorskaya\.m2\repository\xmlrpc\xmlrpc\2.0+xmlrpc61.1+sbfix\xmlrpc-2.0+xmlrpc61.1+sbfix.jar;C:\Users\Natalia.Ukhorskaya\.m2\repository\glue\glue\5.0b2\glue-5.0b2.jar;C:\Users\Natalia.Ukhorskaya\.m2\repository\exml\exml\7.1\exml-7.1.jar;C:\Users\Natalia.Ukhorskaya\.m2\repository\axis\axis\1.2.1\axis-1.2.1.jar;C:\Users\Natalia.Ukhorskaya\.m2\repository\wsdl4j\wsdl4j\1.5.1\wsdl4j-1.5.1.jar;C:\Users\Natalia.Ukhorskaya\.m2\repository\commons-discovery\commons-discovery\0.2\commons-discovery-0.2.jar;C:\Users\Natalia.Ukhorskaya\.m2\repository\axis\axis-jaxrpc\1.2.1-noqname\axis-jaxrpc-1.2.1-noqname.jar;C:\Users\Natalia.Ukhorskaya\.m2\repository\axis\axis-saaj\1.2.1\axis-saaj-1.2.1.jar;C:\Users\Natalia.Ukhorskaya\.m2\repository\slide\slide\2.1\slide-2.1.jar;C:\Users\Natalia.Ukhorskaya\.m2\repository\com\thoughtworks\xstream\xstream\1.1.1\xstream-1.1.1.jar;C:\Users\Natalia.Ukhorskaya\.m2\repository\xpp3\xpp3_min\1.1.3.4.O\xpp3_min-1.1.3.4.O.jar;C:\Users\Natalia.Ukhorskaya\.m2\repository\jfree\jfreechart\1.0.0\jfreechart-1.0.0.jar;C:\Users\Natalia.Ukhorskaya\.m2\repository\jfree\jcommon\1.0.0\jcommon-1.0.0.jar;C:\Users\Natalia.Ukhorskaya\.m2\repository\xalan\xalan\2.7.0\xalan-2.7.0.jar;C:\Users\Natalia.Ukhorskaya\.m2\repository\com\octo\captcha\jcaptcha-all\1.0-RC6\jcaptcha-all-1.0-RC6.jar;C:\Users\Natalia.Ukhorskaya\.m2\repository\concurrent\concurrent\1.3.4\concurrent-1.3.4.jar;C:\Users\Natalia.Ukhorskaya\.m2\repository\net\java\dev\urlrewrite\urlrewrite\2.6.0\urlrewrite-2.6.0.jar;C:\Users\Natalia.Ukhorskaya\.m2\repository\javax\xml\stream\stax-api\1.0-2\stax-api-1.0-2.jar;C:\Users\Natalia.Ukhorskaya\.m2\repository\org\codehaus\woodstox\wstx-asl\3.2.4\wstx-asl-3.2.4.jar;C:\Users\Natalia.Ukhorskaya\.m2\repository\org\codehaus\xfire\xfire-core\1.2.6\xfire-core-1.2.6.jar;C:\Users\Natalia.Ukhorskaya\.m2\repository\org\apache\ws\commons\XmlSchema\1.1\XmlSchema-1.1.jar;C:\Users\Natalia.Ukhorskaya\.m2\repository\org\codehaus\xfire\xfire-aegis\1.2.6\xfire-aegis-1.2.6.jar;C:\Users\Natalia.Ukhorskaya\.m2\repository\net\java\dev\stax-utils\stax-utils\20040917\stax-utils-20040917.jar;C:\Users\Natalia.Ukhorskaya\.m2\repository\com\atlassian\sal\sal-spi\2.4.1\sal-spi-2.4.1.jar;C:\Users\Natalia.Ukhorskaya\.m2\repository\com\atlassian\sal\sal-spring\2.4.1\sal-spring-2.4.1.jar;C:\Users\Natalia.Ukhorskaya\.m2\repository\com\atlassian\sal\sal-api\2.4.1\sal-api-2.4.1.jar;C:\Users\Natalia.Ukhorskaya\.m2\repository\com\atlassian\cache\atlassian-cache-memory\0.1\atlassian-cache-memory-0.1.jar;C:\Users\Natalia.Ukhorskaya\.m2\repository\com\atlassian\confluence\plugin\func-test\2.3\func-test-2.3.jar;C:\Users\Natalia.Ukhorskaya\.m2\repository\net\sourceforge\jwebunit\jwebunit-htmlunit-plugin\2.2\jwebunit-htmlunit-plugin-2.2.jar;C:\Users\Natalia.Ukhorskaya\.m2\repository\net\sourceforge\htmlunit\htmlunit\2.5\htmlunit-2.5.jar;C:\Users\Natalia.Ukhorskaya\.m2\repository\net\sourceforge\htmlunit\htmlunit-core-js\2.5\htmlunit-core-js-2.5.jar;C:\Users\Natalia.Ukhorskaya\.m2\repository\net\sourceforge\jwebunit\jwebunit-core\2.2\jwebunit-core-2.2.jar;C:\Users\Natalia.Ukhorskaya\.m2\repository\regexp\regexp\1.3\regexp-1.3.jar;"/>
    <property name="java.vm.specification.version" value="1.0"/>
    <property name="sun.arch.data.model" value="64"/>
    <property name="java.home" value="C:\Program Files\Java\jdk1.6.0_30\jre"/>
    <property name="sun.java.command" value="C:\Users\NATALI~1.UKH\AppData\Local\Temp\surefirebooter5579482673982030718.jar C:\Users\NATALI~1.UKH\AppData\Local\Temp\surefire9079204717970341689tmp C:\Users\NATALI~1.UKH\AppData\Local\Temp\surefire3268606022685251919tmp"/>
    <property name="java.specification.vendor" value="Sun Microsystems Inc."/>
    <property name="user.language" value="en"/>
    <property name="awt.toolkit" value="sun.awt.windows.WToolkit"/>
    <property name="java.vm.info" value="mixed mode"/>
    <property name="java.version" value="1.6.0_30"/>
    <property name="java.ext.dirs" value="C:\Program Files\Java\jdk1.6.0_30\jre\lib\ext;C:\Windows\Sun\Java\lib\ext"/>
    <property name="sun.boot.class.path" value="C:\Program Files\Java\jdk1.6.0_30\jre\lib\resources.jar;C:\Program Files\Java\jdk1.6.0_30\jre\lib\rt.jar;C:\Program Files\Java\jdk1.6.0_30\jre\lib\sunrsasign.jar;C:\Program Files\Java\jdk1.6.0_30\jre\lib\jsse.jar;C:\Program Files\Java\jdk1.6.0_30\jre\lib\jce.jar;C:\Program Files\Java\jdk1.6.0_30\jre\lib\charsets.jar;C:\Program Files\Java\jdk1.6.0_30\jre\lib\modules\jdk.boot.jar;C:\Program Files\Java\jdk1.6.0_30\jre\classes"/>
    <property name="java.vendor" value="Sun Microsystems Inc."/>
    <property name="localRepository" value="C:\Users\Natalia.Ukhorskaya\.m2\repository"/>
    <property name="file.separator" value="\"/>
    <property name="java.vendor.url.bug" value="http://java.sun.com/cgi-bin/bugreport.cgi"/>
    <property name="sun.cpu.endian" value="little"/>
    <property name="sun.io.unicode.encoding" value="UnicodeLittle"/>
    <property name="sun.desktop" value="windows"/>
    <property name="sun.cpu.isalist" value="amd64"/>
  </properties>
  <testcase time="0.358" classname="org.jetbrains.jet.confluence.parsing.ParsingTest" name="class.kt">
    <failure message="null expected:&lt;...&gt;Original text:&lt;pre&gt;[open&amp;nbsp;class&amp;nbsp;Foo()&amp;nbsp;{
]
}&lt;/pre&gt;&lt;/div&gt;&gt; but was:&lt;...&gt;Original text:&lt;pre&gt;[class&amp;nbsp;Greeter(val&amp;nbsp;name&amp;nbsp;:&amp;nbsp;String)&amp;nbsp;{
&amp;nbsp;&amp;nbsp;fun&amp;nbsp;greet()&amp;nbsp;{
&amp;nbsp;&amp;nbsp;&amp;nbsp;&amp;nbsp;println(&amp;quot;Hello,&amp;nbsp;${name}&amp;quot;);
&amp;nbsp;&amp;nbsp;}]
}&lt;/pre&gt;&lt;/div&gt;&gt;" type="junit.framework.ComparisonFailure">junit.framework.ComparisonFailure: null expected:&lt;...&gt;Original text:&lt;pre&gt;[open&amp;nbsp;class&amp;nbsp;Foo()&amp;nbsp;{
]
}&lt;/pre&gt;&lt;/div&gt;&gt; but was:&lt;...&gt;Original text:&lt;pre&gt;[class&amp;nbsp;Greeter(val&amp;nbsp;name&amp;nbsp;:&amp;nbsp;String)&amp;nbsp;{
&amp;nbsp;&amp;nbsp;fun&amp;nbsp;greet()&amp;nbsp;{
&amp;nbsp;&amp;nbsp;&amp;nbsp;&amp;nbsp;println(&amp;quot;Hello,&amp;nbsp;${name}&amp;quot;);
&amp;nbsp;&amp;nbsp;}]
}&lt;/pre&gt;&lt;/div&gt;&gt;
	at junit.framework.Assert.assertEquals(Assert.java:81)
	at junit.framework.Assert.assertEquals(Assert.java:87)
	at org.jetbrains.jet.confluence.parsing.ParsingTest.checkSourceFile(ParsingTest.java:61)
	at org.jetbrains.jet.confluence.parsing.ParsingTest.runTest(ParsingTest.java:43)
	at junit.framework.TestCase.runBare(TestCase.java:134)
	at junit.framework.TestResult$1.protect(TestResult.java:110)
	at junit.framework.TestResult.runProtected(TestResult.java:128)
	at junit.framework.TestResult.run(TestResult.java:113)
	at junit.framework.TestCase.run(TestCase.java:124)
	at junit.framework.TestSuite.runTest(TestSuite.java:232)
	at junit.framework.TestSuite.run(TestSuite.java:227)
	at junit.framework.TestSuite.runTest(TestSuite.java:232)
	at junit.framework.TestSuite.run(TestSuite.java:227)
	at org.junit.internal.runners.JUnit38ClassRunner.run(JUnit38ClassRunner.java:91)
	at org.apache.maven.surefire.junit4.JUnit4TestSet.execute(JUnit4TestSet.java:62)
	at org.apache.maven.surefire.suite.AbstractDirectoryTestSuite.executeTestSet(AbstractDirectoryTestSuite.java:140)
	at org.apache.maven.surefire.suite.AbstractDirectoryTestSuite.execute(AbstractDirectoryTestSuite.java:127)
	at org.apache.maven.surefire.Surefire.run(Surefire.java:177)
	at sun.reflect.NativeMethodAccessorImpl.invoke0(Native Method)
	at sun.reflect.NativeMethodAccessorImpl.invoke(NativeMethodAccessorImpl.java:39)
	at sun.reflect.DelegatingMethodAccessorImpl.invoke(DelegatingMethodAccessorImpl.java:25)
	at java.lang.reflect.Method.invoke(Method.java:597)
	at org.apache.maven.surefire.booter.SurefireBooter.runSuitesInProcess(SurefireBooter.java:345)
	at org.apache.maven.surefire.booter.SurefireBooter.main(SurefireBooter.java:1009)
</failure>
    <system-err>log4j:WARN No appenders could be found for logger (com.atlassian.config.util.BootstrapUtils).
log4j:WARN Please initialize the log4j system properly.
java.lang.ExceptionInInitializerError
	at com.atlassian.confluence.setup.webwork.ConfluenceVelocityManager.&lt;clinit&gt;(ConfluenceVelocityManager.java:42)
	at com.atlassian.confluence.renderer.radeox.macros.MacroUtils.createDefaultVelocityContext(MacroUtils.java:46)
	at com.atlassian.confluence.renderer.radeox.macros.MacroUtils.defaultVelocityContext(MacroUtils.java:41)
	at org.jetbrains.jet.lexer.JetMacro.execute(JetMacro.java:265)
	at org.jetbrains.jet.confluence.parsing.ParsingTest.checkSourceFile(ParsingTest.java:49)
	at org.jetbrains.jet.confluence.parsing.ParsingTest.runTest(ParsingTest.java:43)
	at junit.framework.TestCase.runBare(TestCase.java:134)
	at junit.framework.TestResult$1.protect(TestResult.java:110)
	at junit.framework.TestResult.runProtected(TestResult.java:128)
	at junit.framework.TestResult.run(TestResult.java:113)
	at junit.framework.TestCase.run(TestCase.java:124)
	at junit.framework.TestSuite.runTest(TestSuite.java:232)
	at junit.framework.TestSuite.run(TestSuite.java:227)
	at junit.framework.TestSuite.runTest(TestSuite.java:232)
	at junit.framework.TestSuite.run(TestSuite.java:227)
	at org.junit.internal.runners.JUnit38ClassRunner.run(JUnit38ClassRunner.java:91)
	at org.apache.maven.surefire.junit4.JUnit4TestSet.execute(JUnit4TestSet.java:62)
	at org.apache.maven.surefire.suite.AbstractDirectoryTestSuite.executeTestSet(AbstractDirectoryTestSuite.java:140)
	at org.apache.maven.surefire.suite.AbstractDirectoryTestSuite.execute(AbstractDirectoryTestSuite.java:127)
	at org.apache.maven.surefire.Surefire.run(Surefire.java:177)
	at sun.reflect.NativeMethodAccessorImpl.invoke0(Native Method)
	at sun.reflect.NativeMethodAccessorImpl.invoke(NativeMethodAccessorImpl.java:39)
	at sun.reflect.DelegatingMethodAccessorImpl.invoke(DelegatingMethodAccessorImpl.java:25)
	at java.lang.reflect.Method.invoke(Method.java:597)
	at org.apache.maven.surefire.booter.SurefireBooter.runSuitesInProcess(SurefireBooter.java:345)
	at org.apache.maven.surefire.booter.SurefireBooter.main(SurefireBooter.java:1009)
Caused by: java.lang.NullPointerException
	at com.atlassian.confluence.setup.velocity.ConfluenceStaticContextItemProvider.getStaticContextMap(ConfluenceStaticContextItemProvider.java:60)
	at com.atlassian.confluence.setup.velocity.ConfluenceStaticContextItemProvider.&lt;clinit&gt;(ConfluenceStaticContextItemProvider.java:46)
	... 26 more
</system-err>
  </testcase>
</testsuite>